<?xml version="1.0" encoding="UTF-8"?>
<!-- Generated by org.testng.reporters.JUnitXMLReporter -->
<testsuite ignored="0" hostname="DESKTOP-TPO04OI" failures="0" tests="5" name="Test123" time="712.274" errors="0" timestamp="2022-06-27T06:30:35 IST">
  <testcase classname="tests.RegisterClassNG" name="fillTheRegisterField" time="101.183"/>
  <testcase classname="tests.TestNGClass" name="testEditProfile" time="0.252"/>
  <testcase classname="tests.TestNGClass" name="testRequestQuotation" time="47.147"/>
  <testcase classname="tests.TestNGClass" name="testProfile" time="0.15"/>
  <testcase classname="tests.TestNGClass" name="testRetriveQuotation" time="0.095"/>
</testsuite> <!-- Test123 -->
